[debug] [2026-02-17T11:22:04.016Z] ----------------------------------------------------------------------
[debug] [2026-02-17T11:22:04.019Z] Command:       /home/resper/.nvm/versions/node/v22.19.0/bin/node /home/resper/.nvm/versions/node/v22.19.0/bin/firebase auth:import --project=nghost-gabi
[debug] [2026-02-17T11:22:04.020Z] CLI Version:   15.1.0
[debug] [2026-02-17T11:22:04.020Z] Platform:      linux
[debug] [2026-02-17T11:22:04.021Z] Node Version:  v22.19.0
[debug] [2026-02-17T11:22:04.021Z] Time:          Tue Feb 17 2026 08:22:04 GMT-0300 (Brasilia Standard Time)
[debug] [2026-02-17T11:22:04.021Z] ----------------------------------------------------------------------
[debug] 
[debug] [2026-02-17T11:22:04.063Z] > command requires scopes: ["email","openid","https://www.googleapis.com/auth/cloudplatformprojects.readonly","https://www.googleapis.com/auth/firebase","https://www.googleapis.com/auth/cloud-platform"]
[debug] [2026-02-17T11:22:04.064Z] > authorizing via signed-in user (resper@ness.com.br)
[debug] [2026-02-17T11:22:04.064Z] [iam] checking project nghost-gabi for permissions ["firebase.projects.get","firebaseauth.users.create","firebaseauth.users.update"]
[debug] [2026-02-17T11:22:04.066Z] Checked if tokens are valid: true, expires at: 1771330664012
[debug] [2026-02-17T11:22:04.066Z] Checked if tokens are valid: true, expires at: 1771330664012
[debug] [2026-02-17T11:22:04.068Z] >>> [apiv2][query] POST https://cloudresourcemanager.googleapis.com/v1/projects/nghost-gabi:testIamPermissions [none]
[debug] [2026-02-17T11:22:04.068Z] >>> [apiv2][(partial)header] POST https://cloudresourcemanager.googleapis.com/v1/projects/nghost-gabi:testIamPermissions x-goog-quota-user=projects/nghost-gabi
[debug] [2026-02-17T11:22:04.068Z] >>> [apiv2][body] POST https://cloudresourcemanager.googleapis.com/v1/projects/nghost-gabi:testIamPermissions {"permissions":["firebase.projects.get","firebaseauth.users.create","firebaseauth.users.update"]}
[debug] [2026-02-17T11:22:05.040Z] <<< [apiv2][status] POST https://cloudresourcemanager.googleapis.com/v1/projects/nghost-gabi:testIamPermissions 200
[debug] [2026-02-17T11:22:05.040Z] <<< [apiv2][body] POST https://cloudresourcemanager.googleapis.com/v1/projects/nghost-gabi:testIamPermissions {"permissions":["firebase.projects.get","firebaseauth.users.create","firebaseauth.users.update"]}
[warn] ⚠  No hash algorithm specified. Password users cannot be imported. 
[debug] [2026-02-17T11:22:05.045Z] TypeError: Cannot read properties of undefined (reading 'endsWith')
    at Command.actionFn (/home/resper/.nvm/versions/node/v22.19.0/lib/node_modules/firebase-tools/lib/commands/auth-import.js:37:19)
    at /home/resper/.nvm/versions/node/v22.19.0/lib/node_modules/firebase-tools/lib/command.js:265:25
    at process.processTicksAndRejections (node:internal/process/task_queues:105:5)
[error] 
[error] Error: An unexpected error has occurred.
